{
  error: MongooseError: The `uri` parameter to `openUri()` must be a string, got "undefined". Make sure the first parameter to `mongoose.connect()` or `mongoose.createConnection()` is a string.
      at NativeConnection.Connection.openUri (C:\Users\Kseniya\Desktop\RSS\react-courses\rslang\api\node_modules\mongoose\lib\connection.js:680:11)
      at C:\Users\Kseniya\Desktop\RSS\react-courses\rslang\api\node_modules\mongoose\lib\index.js:345:10
      at C:\Users\Kseniya\Desktop\RSS\react-courses\rslang\api\node_modules\mongoose\lib\helpers\promiseOrCallback.js:31:5
      at new Promise (<anonymous>)
      at promiseOrCallback (C:\Users\Kseniya\Desktop\RSS\react-courses\rslang\api\node_modules\mongoose\lib\helpers\promiseOrCallback.js:30:10)
      at Mongoose._promiseOrCallback (C:\Users\Kseniya\Desktop\RSS\react-courses\rslang\api\node_modules\mongoose\lib\index.js:1135:10)
      at Mongoose.connect (C:\Users\Kseniya\Desktop\RSS\react-courses\rslang\api\node_modules\mongoose\lib\index.js:344:20)
      at Object.<anonymous> (C:\Users\Kseniya\Desktop\RSS\react-courses\rslang\api\src\server.js:12:10)
      at Module._compile (internal/modules/cjs/loader.js:1063:30)
      at Object.Module._extensions..js (internal/modules/cjs/loader.js:1092:10)
      at Module.load (internal/modules/cjs/loader.js:928:32)
      at Function.Module._load (internal/modules/cjs/loader.js:769:14)
      at Function.executeUserEntryPoint [as runMain] (internal/modules/run_main.js:72:12)
      at internal/main/run_main_module.js:17:47,
  level: 'error',
  message: 'uncaughtException: The `uri` parameter to `openUri()` must be a string, got "undefined". Make sure the first parameter to `mongoose.connect()` or `mongoose.createConnection()` is a string.\n' +
    'MongooseError: The `uri` parameter to `openUri()` must be a string, got "undefined". Make sure the first parameter to `mongoose.connect()` or `mongoose.createConnection()` is a string.\n' +
    '    at NativeConnection.Connection.openUri (C:\\Users\\Kseniya\\Desktop\\RSS\\react-courses\\rslang\\api\\node_modules\\mongoose\\lib\\connection.js:680:11)\n' +
    '    at C:\\Users\\Kseniya\\Desktop\\RSS\\react-courses\\rslang\\api\\node_modules\\mongoose\\lib\\index.js:345:10\n' +
    '    at C:\\Users\\Kseniya\\Desktop\\RSS\\react-courses\\rslang\\api\\node_modules\\mongoose\\lib\\helpers\\promiseOrCallback.js:31:5\n' +
    '    at new Promise (<anonymous>)\n' +
    '    at promiseOrCallback (C:\\Users\\Kseniya\\Desktop\\RSS\\react-courses\\rslang\\api\\node_modules\\mongoose\\lib\\helpers\\promiseOrCallback.js:30:10)\n' +
    '    at Mongoose._promiseOrCallback (C:\\Users\\Kseniya\\Desktop\\RSS\\react-courses\\rslang\\api\\node_modules\\mongoose\\lib\\index.js:1135:10)\n' +
    '    at Mongoose.connect (C:\\Users\\Kseniya\\Desktop\\RSS\\react-courses\\rslang\\api\\node_modules\\mongoose\\lib\\index.js:344:20)\n' +
    '    at Object.<anonymous> (C:\\Users\\Kseniya\\Desktop\\RSS\\react-courses\\rslang\\api\\src\\server.js:12:10)\n' +
    '    at Module._compile (internal/modules/cjs/loader.js:1063:30)\n' +
    '    at Object.Module._extensions..js (internal/modules/cjs/loader.js:1092:10)\n' +
    '    at Module.load (internal/modules/cjs/loader.js:928:32)\n' +
    '    at Function.Module._load (internal/modules/cjs/loader.js:769:14)\n' +
    '    at Function.executeUserEntryPoint [as runMain] (internal/modules/run_main.js:72:12)\n' +
    '    at internal/main/run_main_module.js:17:47',
  stack: 'MongooseError: The `uri` parameter to `openUri()` must be a string, got "undefined". Make sure the first parameter to `mongoose.connect()` or `mongoose.createConnection()` is a string.\n' +
    '    at NativeConnection.Connection.openUri (C:\\Users\\Kseniya\\Desktop\\RSS\\react-courses\\rslang\\api\\node_modules\\mongoose\\lib\\connection.js:680:11)\n' +
    '    at C:\\Users\\Kseniya\\Desktop\\RSS\\react-courses\\rslang\\api\\node_modules\\mongoose\\lib\\index.js:345:10\n' +
    '    at C:\\Users\\Kseniya\\Desktop\\RSS\\react-courses\\rslang\\api\\node_modules\\mongoose\\lib\\helpers\\promiseOrCallback.js:31:5\n' +
    '    at new Promise (<anonymous>)\n' +
    '    at promiseOrCallback (C:\\Users\\Kseniya\\Desktop\\RSS\\react-courses\\rslang\\api\\node_modules\\mongoose\\lib\\helpers\\promiseOrCallback.js:30:10)\n' +
    '    at Mongoose._promiseOrCallback (C:\\Users\\Kseniya\\Desktop\\RSS\\react-courses\\rslang\\api\\node_modules\\mongoose\\lib\\index.js:1135:10)\n' +
    '    at Mongoose.connect (C:\\Users\\Kseniya\\Desktop\\RSS\\react-courses\\rslang\\api\\node_modules\\mongoose\\lib\\index.js:344:20)\n' +
    '    at Object.<anonymous> (C:\\Users\\Kseniya\\Desktop\\RSS\\react-courses\\rslang\\api\\src\\server.js:12:10)\n' +
    '    at Module._compile (internal/modules/cjs/loader.js:1063:30)\n' +
    '    at Object.Module._extensions..js (internal/modules/cjs/loader.js:1092:10)\n' +
    '    at Module.load (internal/modules/cjs/loader.js:928:32)\n' +
    '    at Function.Module._load (internal/modules/cjs/loader.js:769:14)\n' +
    '    at Function.executeUserEntryPoint [as runMain] (internal/modules/run_main.js:72:12)\n' +
    '    at internal/main/run_main_module.js:17:47',
  exception: true,
  date: 'Fri Mar 19 2021 17:43:05 GMT+0300 (Москва, стандартное время)',
  process: {
    pid: 17768,
    uid: null,
    gid: null,
    cwd: 'C:\\Users\\Kseniya\\Desktop\\RSS\\react-courses\\rslang\\api',
    execPath: 'C:\\Program Files\\nodejs\\node.exe',
    version: 'v14.15.0',
    argv: [
      'C:\\Program Files\\nodejs\\node.exe',
      'C:\\Users\\Kseniya\\Desktop\\RSS\\react-courses\\rslang\\api\\src\\server.js'
    ],
    memoryUsage: {
      rss: 73064448,
      heapTotal: 56639488,
      heapUsed: 37169568,
      external: 20315612,
      arrayBuffers: 18770877
    }
  },
  os: { loadavg: [ 0, 0, 0 ], uptime: 431423 },
  trace: [
    {
      column: 11,
      file: 'C:\\Users\\Kseniya\\Desktop\\RSS\\react-courses\\rslang\\api\\node_modules\\mongoose\\lib\\connection.js',
      function: 'NativeConnection.Connection.openUri',
      line: 680,
      method: 'openUri',
      native: false
    },
    {
      column: 10,
      file: 'C:\\Users\\Kseniya\\Desktop\\RSS\\react-courses\\rslang\\api\\node_modules\\mongoose\\lib\\index.js',
      function: null,
      line: 345,
      method: null,
      native: false
    },
    {
      column: 5,
      file: 'C:\\Users\\Kseniya\\Desktop\\RSS\\react-courses\\rslang\\api\\node_modules\\mongoose\\lib\\helpers\\promiseOrCallback.js',
      function: null,
      line: 31,
      method: null,
      native: false
    },
    {
      column: null,
      file: null,
      function: 'new Promise',
      line: null,
      method: null,
      native: false
    },
    {
      column: 10,
      file: 'C:\\Users\\Kseniya\\Desktop\\RSS\\react-courses\\rslang\\api\\node_modules\\mongoose\\lib\\helpers\\promiseOrCallback.js',
      function: 'promiseOrCallback',
      line: 30,
      method: null,
      native: false
    },
    {
      column: 10,
      file: 'C:\\Users\\Kseniya\\Desktop\\RSS\\react-courses\\rslang\\api\\node_modules\\mongoose\\lib\\index.js',
      function: 'Mongoose._promiseOrCallback',
      line: 1135,
      method: '_promiseOrCallback',
      native: false
    },
    {
      column: 20,
      file: 'C:\\Users\\Kseniya\\Desktop\\RSS\\react-courses\\rslang\\api\\node_modules\\mongoose\\lib\\index.js',
      function: 'Mongoose.connect',
      line: 344,
      method: 'connect',
      native: false
    },
    {
      column: 10,
      file: 'C:\\Users\\Kseniya\\Desktop\\RSS\\react-courses\\rslang\\api\\src\\server.js',
      function: null,
      line: 12,
      method: null,
      native: false
    },
    {
      column: 30,
      file: 'internal/modules/cjs/loader.js',
      function: 'Module._compile',
      line: 1063,
      method: '_compile',
      native: false
    },
    {
      column: 10,
      file: 'internal/modules/cjs/loader.js',
      function: 'Module._extensions..js',
      line: 1092,
      method: '.js',
      native: false
    },
    {
      column: 32,
      file: 'internal/modules/cjs/loader.js',
      function: 'Module.load',
      line: 928,
      method: 'load',
      native: false
    },
    {
      column: 14,
      file: 'internal/modules/cjs/loader.js',
      function: 'Module._load',
      line: 769,
      method: '_load',
      native: false
    },
    {
      column: 12,
      file: 'internal/modules/run_main.js',
      function: 'Function.executeUserEntryPoint [as runMain]',
      line: 72,
      method: 'executeUserEntryPoint [as runMain]',
      native: false
    },
    {
      column: 47,
      file: 'internal/main/run_main_module.js',
      function: null,
      line: 17,
      method: null,
      native: false
    }
  ],
  timestamp: '2021-03-19T14:43:05.377Z'
}
{
  message: 'Successfully connect to DB',
  level: 'info',
  timestamp: '2021-03-19T14:47:48.603Z'
}
{
  message: 'App is running on http://localhost:4000',
  level: 'info',
  timestamp: '2021-03-19T14:47:48.751Z'
}
{
  message: 'Successfully connect to DB',
  level: 'info',
  timestamp: '2021-03-19T14:56:01.305Z'
}
{
  message: 'App is running on http://localhost:4000',
  level: 'info',
  timestamp: '2021-03-19T14:56:01.344Z'
}
{
  message: 'Successfully connect to DB',
  level: 'info',
<<<<<<< Updated upstream
  timestamp: '2021-03-21T20:34:11.682Z'
=======
  timestamp: '2021-03-21T19:12:07.716Z'
>>>>>>> Stashed changes
}
{
  message: 'App is running on http://localhost:4000',
  level: 'info',
<<<<<<< Updated upstream
  timestamp: '2021-03-21T20:34:11.693Z'
}
{
  message: 'GET 200 /words?group=1&page=1 - size req - res 2 - 136.873 ms\n',
  level: 'info',
  timestamp: '2021-03-21T20:34:44.307Z'
}
{
  message: 'GET 200 /words?group=1&page=1 - size req - res 12542 - 264.270 ms\n',
  level: 'info',
  timestamp: '2021-03-21T20:41:40.041Z'
}
{
  message: 'GET 200 /words - size req - res 12413 - 258.379 ms\n',
  level: 'info',
  timestamp: '2021-03-21T20:41:51.917Z'
}
{
  message: 'Successfully connect to DB',
  level: 'info',
<<<<<<< HEAD
  timestamp: '2021-03-23T08:14:26.063Z'
=======
  timestamp: '2021-03-22T14:27:36.005Z'
>>>>>>> develop
}
{
  message: 'App is running on http://localhost:4000',
  level: 'info',
<<<<<<< HEAD
  timestamp: '2021-03-23T08:14:26.507Z'
=======
  timestamp: '2021-03-22T14:27:36.039Z'
}
{
  message: 'GET 200 /words?group=0&0 - size req - res 12413 - 283.827 ms\n',
  level: 'info',
  timestamp: '2021-03-22T15:22:33.558Z'
}
{
  message: 'GET 200 /words?group=0&0 - size req - res 12413 - 978.588 ms\n',
  level: 'info',
  timestamp: '2021-03-22T15:24:21.054Z'
}
{
  message: 'GET 200 /words?group=0&0 - size req - res 12413 - 276.018 ms\n',
  level: 'info',
  timestamp: '2021-03-22T15:25:19.711Z'
}
{
  message: 'GET 200 /words?group=0&0 - size req - res 12413 - 547.439 ms\n',
  level: 'info',
  timestamp: '2021-03-22T15:26:13.402Z'
}
{
  message: 'GET 200 /words?group=0&0 - size req - res 12413 - 1392.928 ms\n',
  level: 'info',
  timestamp: '2021-03-22T15:26:43.459Z'
}
{
  message: 'GET 200 /words?group=0&0 - size req - res 12413 - 207.348 ms\n',
  level: 'info',
  timestamp: '2021-03-22T15:27:08.697Z'
}
{
  message: 'GET 200 /words?group=0&0 - size req - res 12413 - 831.838 ms\n',
  level: 'info',
  timestamp: '2021-03-22T15:27:16.998Z'
}
{
  message: 'GET 200 /words?group=0&0 - size req - res 12413 - 562.458 ms\n',
  level: 'info',
  timestamp: '2021-03-22T15:28:07.952Z'
}
{
  message: 'GET 200 /words?group=0&0 - size req - res 12413 - 168.942 ms\n',
  level: 'info',
  timestamp: '2021-03-22T15:30:33.361Z'
}
{
  message: 'GET 200 /words?group=0&0 - size req - res 12413 - 166.571 ms\n',
  level: 'info',
  timestamp: '2021-03-22T15:31:00.549Z'
}
{
  message: 'GET 200 /words?group=0&0 - size req - res 12413 - 589.999 ms\n',
  level: 'info',
  timestamp: '2021-03-22T15:32:15.915Z'
}
{
  message: 'GET 200 /words?group=0&0 - size req - res 12413 - 2360.721 ms\n',
  level: 'info',
  timestamp: '2021-03-22T15:32:42.901Z'
}
{
  message: 'GET 200 /words?group=0&0 - size req - res 12413 - 246.072 ms\n',
  level: 'info',
  timestamp: '2021-03-22T15:36:37.624Z'
}
{
  message: 'GET 200 /words?group=0&0 - size req - res 12413 - 1605.956 ms\n',
  level: 'info',
  timestamp: '2021-03-22T15:37:24.277Z'
}
{
  message: 'GET 200 /words?group=0&0 - size req - res 12413 - 2123.207 ms\n',
  level: 'info',
  timestamp: '2021-03-22T15:38:47.024Z'
}
{
  message: 'GET 200 /words?group=0&0 - size req - res 12413 - 2938.584 ms\n',
  level: 'info',
  timestamp: '2021-03-22T15:43:35.729Z'
}
{
  message: 'Successfully connect to DB',
  level: 'info',
  timestamp: '2021-03-22T15:45:45.660Z'
}
{
  message: 'App is running on http://localhost:4000',
  level: 'info',
  timestamp: '2021-03-22T15:45:45.693Z'
}
{
  message: 'GET 304 /words?group=0&0 - size req - res - - 370.075 ms\n',
  level: 'info',
  timestamp: '2021-03-22T15:46:50.762Z'
}
{
  message: 'Successfully connect to DB',
  level: 'info',
  timestamp: '2021-03-22T17:38:23.459Z'
}
{
  message: 'App is running on http://localhost:4000',
  level: 'info',
  timestamp: '2021-03-22T17:38:23.492Z'
}
{
  message: 'GET 304 /words?group=0&0 - size req - res - - 283.197 ms\n',
  level: 'info',
  timestamp: '2021-03-22T17:39:22.196Z'
}
{
  message: 'GET 304 /words?group=0&0 - size req - res - - 241.758 ms\n',
  level: 'info',
  timestamp: '2021-03-22T17:41:55.923Z'
}
{
  message: 'Successfully connect to DB',
  level: 'info',
  timestamp: '2021-03-23T10:15:16.343Z'
}
{
  message: 'App is running on http://localhost:4000',
  level: 'info',
  timestamp: '2021-03-23T10:15:16.384Z'
}
{
  message: 'GET 304 /words?group=0&0 - size req - res - - 248.698 ms\n',
  level: 'info',
  timestamp: '2021-03-23T10:17:32.225Z'
}
{
  message: 'GET 304 /words?group=0&0 - size req - res - - 177.288 ms\n',
  level: 'info',
  timestamp: '2021-03-23T10:17:35.694Z'
}
{
  message: 'GET 304 /words?group=0&0 - size req - res - - 229.769 ms\n',
  level: 'info',
  timestamp: '2021-03-23T10:18:26.144Z'
}
{
  message: 'GET 304 /words?group=0&0 - size req - res - - 193.862 ms\n',
  level: 'info',
  timestamp: '2021-03-23T10:18:40.952Z'
}
{
  message: 'GET 304 /words?group=0&0 - size req - res - - 197.362 ms\n',
  level: 'info',
  timestamp: '2021-03-23T10:19:49.853Z'
}
{
  message: 'GET 304 /words?group=0&0 - size req - res - - 177.222 ms\n',
  level: 'info',
  timestamp: '2021-03-23T10:20:01.666Z'
}
{
  message: 'GET 304 /words?group=0&0 - size req - res - - 175.728 ms\n',
  level: 'info',
  timestamp: '2021-03-23T10:21:13.885Z'
}
{
  message: 'GET 304 /words?group=0&0 - size req - res - - 844.618 ms\n',
  level: 'info',
  timestamp: '2021-03-23T10:21:28.592Z'
}
{
  message: 'GET 304 /words?group=0&0 - size req - res - - 203.179 ms\n',
  level: 'info',
  timestamp: '2021-03-23T10:22:10.920Z'
}
{
  message: 'GET 304 /words?group=0&0 - size req - res - - 161.914 ms\n',
  level: 'info',
  timestamp: '2021-03-23T10:23:07.353Z'
}
{
  message: 'GET 304 /words?group=0&0 - size req - res - - 211.980 ms\n',
  level: 'info',
  timestamp: '2021-03-23T10:23:16.903Z'
}
{
  message: 'GET 304 /words?group=0&0 - size req - res - - 325.262 ms\n',
  level: 'info',
  timestamp: '2021-03-23T10:24:41.556Z'
}
{
  message: 'GET 304 /words?group=0&0 - size req - res - - 164.258 ms\n',
  level: 'info',
  timestamp: '2021-03-23T10:27:34.329Z'
}
{
  message: 'GET 304 /words?group=0&0 - size req - res - - 156.361 ms\n',
  level: 'info',
  timestamp: '2021-03-23T10:34:54.473Z'
}
{
  message: 'GET 304 /words?group=0&0 - size req - res - - 160.140 ms\n',
  level: 'info',
  timestamp: '2021-03-23T10:35:59.008Z'
}
{
  message: 'GET 304 /words?group=0&0 - size req - res - - 168.509 ms\n',
  level: 'info',
  timestamp: '2021-03-23T10:44:12.367Z'
}
{
  message: 'GET 304 /words?group=0&0 - size req - res - - 173.579 ms\n',
  level: 'info',
  timestamp: '2021-03-23T10:45:00.902Z'
}
{
  message: 'GET 304 /words?group=0&0 - size req - res - - 162.490 ms\n',
  level: 'info',
  timestamp: '2021-03-23T10:45:11.731Z'
}
{
  message: 'GET 304 /words?group=0&0 - size req - res - - 166.735 ms\n',
  level: 'info',
  timestamp: '2021-03-23T10:51:14.243Z'
}
{
  message: 'GET 304 /words?group=0&0 - size req - res - - 294.534 ms\n',
  level: 'info',
  timestamp: '2021-03-23T12:42:54.151Z'
}
{
  message: 'GET 304 /words?group=0&0 - size req - res - - 1469.958 ms\n',
  level: 'info',
  timestamp: '2021-03-23T12:47:16.460Z'
}
{
  message: 'GET 304 /words?group=0&0 - size req - res - - 181.678 ms\n',
  level: 'info',
  timestamp: '2021-03-23T12:48:39.573Z'
}
{
  message: 'GET 304 /words?group=0&0 - size req - res - - 725.714 ms\n',
  level: 'info',
  timestamp: '2021-03-23T12:49:24.446Z'
}
{
  message: 'GET 304 /words?group=0&0 - size req - res - - 296.898 ms\n',
  level: 'info',
  timestamp: '2021-03-23T12:49:33.599Z'
}
{
  message: 'GET 304 /words?group=0&0 - size req - res - - 190.985 ms\n',
  level: 'info',
  timestamp: '2021-03-23T12:53:05.309Z'
}
{
  message: 'ValidationError: users validation failed: password: Path `password` is required., email: Path `email` is required.\n' +
    '    at model.Document.invalidate (C:\\Users\\Kseniya\\Desktop\\RSS\\react-courses\\rslang\\api\\node_modules\\mongoose\\lib\\document.js:2689:32)\n' +
    '    at C:\\Users\\Kseniya\\Desktop\\RSS\\react-courses\\rslang\\api\\node_modules\\mongoose\\lib\\document.js:2509:17\n' +
    '    at C:\\Users\\Kseniya\\Desktop\\RSS\\react-courses\\rslang\\api\\node_modules\\mongoose\\lib\\schematype.js:1259:9\n' +
    '    at processTicksAndRejections (internal/process/task_queues.js:75:11)',
  level: 'error',
  timestamp: '2021-03-23T13:00:45.482Z'
}
{
  message: 'POST 500 /users - size req 81 res 12 - 117.827 ms\n',
  level: 'info',
  timestamp: '2021-03-23T13:00:45.495Z'
}
{
  message: 'ValidationError: users validation failed: password: Path `password` is required., email: Path `email` is required.\n' +
    '    at model.Document.invalidate (C:\\Users\\Kseniya\\Desktop\\RSS\\react-courses\\rslang\\api\\node_modules\\mongoose\\lib\\document.js:2689:32)\n' +
    '    at C:\\Users\\Kseniya\\Desktop\\RSS\\react-courses\\rslang\\api\\node_modules\\mongoose\\lib\\document.js:2509:17\n' +
    '    at C:\\Users\\Kseniya\\Desktop\\RSS\\react-courses\\rslang\\api\\node_modules\\mongoose\\lib\\schematype.js:1259:9\n' +
    '    at processTicksAndRejections (internal/process/task_queues.js:75:11)',
  level: 'error',
  timestamp: '2021-03-23T13:01:13.491Z'
}
{
  message: 'POST 500 /users - size req 83 res 12 - 5.406 ms\n',
  level: 'info',
  timestamp: '2021-03-23T13:01:13.494Z'
}
{
  message: 'ValidationError: users validation failed: password: Path `password` is required., email: Path `email` is required.\n' +
    '    at model.Document.invalidate (C:\\Users\\Kseniya\\Desktop\\RSS\\react-courses\\rslang\\api\\node_modules\\mongoose\\lib\\document.js:2689:32)\n' +
    '    at C:\\Users\\Kseniya\\Desktop\\RSS\\react-courses\\rslang\\api\\node_modules\\mongoose\\lib\\document.js:2509:17\n' +
    '    at C:\\Users\\Kseniya\\Desktop\\RSS\\react-courses\\rslang\\api\\node_modules\\mongoose\\lib\\schematype.js:1259:9\n' +
    '    at processTicksAndRejections (internal/process/task_queues.js:75:11)',
  level: 'error',
  timestamp: '2021-03-23T13:20:01.497Z'
}
{
  message: 'POST 500 /users - size req 81 res 12 - 6.679 ms\n',
  level: 'info',
  timestamp: '2021-03-23T13:20:01.499Z'
}
{
  message: 'ValidationError: users validation failed: password: Path `password` is required., email: Path `email` is required.\n' +
    '    at model.Document.invalidate (C:\\Users\\Kseniya\\Desktop\\RSS\\react-courses\\rslang\\api\\node_modules\\mongoose\\lib\\document.js:2689:32)\n' +
    '    at C:\\Users\\Kseniya\\Desktop\\RSS\\react-courses\\rslang\\api\\node_modules\\mongoose\\lib\\document.js:2509:17\n' +
    '    at C:\\Users\\Kseniya\\Desktop\\RSS\\react-courses\\rslang\\api\\node_modules\\mongoose\\lib\\schematype.js:1259:9\n' +
    '    at processTicksAndRejections (internal/process/task_queues.js:75:11)',
  level: 'error',
  timestamp: '2021-03-23T13:20:15.217Z'
}
{
  message: 'POST 500 /users - size req 86 res 12 - 4.447 ms\n',
  level: 'info',
  timestamp: '2021-03-23T13:20:15.219Z'
}
{
  message: 'POST 404 /words - size req 86 res 9 - 2.324 ms\n',
  level: 'info',
  timestamp: '2021-03-23T13:20:45.021Z'
}
{
  message: 'GET 200 /words - size req 86 res 12413 - 1503.146 ms\n',
  level: 'info',
  timestamp: '2021-03-23T13:20:51.658Z'
}
{
  message: 'ValidationError: users validation failed: password: Path `password` is required., email: Path `email` is required.\n' +
    '    at model.Document.invalidate (C:\\Users\\Kseniya\\Desktop\\RSS\\react-courses\\rslang\\api\\node_modules\\mongoose\\lib\\document.js:2689:32)\n' +
    '    at C:\\Users\\Kseniya\\Desktop\\RSS\\react-courses\\rslang\\api\\node_modules\\mongoose\\lib\\document.js:2509:17\n' +
    '    at C:\\Users\\Kseniya\\Desktop\\RSS\\react-courses\\rslang\\api\\node_modules\\mongoose\\lib\\schematype.js:1259:9\n' +
    '    at processTicksAndRejections (internal/process/task_queues.js:75:11)',
  level: 'error',
  timestamp: '2021-03-23T13:21:03.413Z'
}
{
  message: 'POST 500 /users - size req 86 res 12 - 5.504 ms\n',
  level: 'info',
  timestamp: '2021-03-23T13:21:03.415Z'
}
{
  message: 'ValidationError: users validation failed: password: Path `password` is required., email: Path `email` is required.\n' +
    '    at model.Document.invalidate (C:\\Users\\Kseniya\\Desktop\\RSS\\react-courses\\rslang\\api\\node_modules\\mongoose\\lib\\document.js:2689:32)\n' +
    '    at C:\\Users\\Kseniya\\Desktop\\RSS\\react-courses\\rslang\\api\\node_modules\\mongoose\\lib\\document.js:2509:17\n' +
    '    at C:\\Users\\Kseniya\\Desktop\\RSS\\react-courses\\rslang\\api\\node_modules\\mongoose\\lib\\schematype.js:1259:9\n' +
    '    at processTicksAndRejections (internal/process/task_queues.js:75:11)',
  level: 'error',
  timestamp: '2021-03-23T13:21:36.958Z'
}
{
  message: 'POST 500 /users - size req 86 res 12 - 5.654 ms\n',
  level: 'info',
  timestamp: '2021-03-23T13:21:36.960Z'
}
{
  message: 'Successfully connect to DB',
  level: 'info',
  timestamp: '2021-03-23T15:03:32.124Z'
}
{
  message: 'App is running on http://localhost:4000',
  level: 'info',
  timestamp: '2021-03-23T15:03:32.158Z'
}
{
  message: 'GET 200 /users/6058ece36fab9b1ffdc9ae71/words "6058ece36fab9b1ffdc9ae71" size req - res 208 - 204.097 ms\n',
  level: 'info',
  timestamp: '2021-03-23T15:03:58.300Z'
}
{
  message: 'GET 304 /words?group=0&0 - size req - res - - 182.806 ms\n',
  level: 'info',
  timestamp: '2021-03-23T15:07:46.326Z'
}
{
  message: 'GET 200 /words?group=0&0 - size req - res 12413 - 227.121 ms\n',
  level: 'info',
  timestamp: '2021-03-23T15:08:50.972Z'
}
{
  message: 'GET 200 /words?group=0&0 - size req - res 12413 - 321.366 ms\n',
  level: 'info',
  timestamp: '2021-03-23T15:09:08.826Z'
}
{
  message: 'GET 200 /words?group=0&0 - size req - res 12413 - 225.320 ms\n',
  level: 'info',
  timestamp: '2021-03-23T15:09:18.110Z'
}
{
  message: 'GET 200 /words?group=0&0 - size req - res 12413 - 1030.102 ms\n',
  level: 'info',
  timestamp: '2021-03-23T15:09:57.480Z'
}
{
  message: 'GET 200 /words?group=0&0 - size req - res 12413 - 199.252 ms\n',
  level: 'info',
  timestamp: '2021-03-23T15:10:15.591Z'
}
{
  message: 'GET 200 /words?group=0&0 - size req - res 12413 - 169.740 ms\n',
  level: 'info',
  timestamp: '2021-03-23T15:10:38.152Z'
}
{
  message: 'GET 200 /words?group=0&0 - size req - res 12413 - 189.047 ms\n',
  level: 'info',
  timestamp: '2021-03-23T15:12:30.590Z'
}
{
  message: 'GET 200 /words?group=0&0 - size req - res 12413 - 208.661 ms\n',
  level: 'info',
  timestamp: '2021-03-23T15:12:35.258Z'
}
{
  message: 'GET 200 /words?group=0&0 - size req - res 12413 - 175.729 ms\n',
  level: 'info',
  timestamp: '2021-03-23T15:13:14.138Z'
}
{
  message: 'GET 200 /words?group=0&0 - size req - res 12413 - 182.762 ms\n',
  level: 'info',
  timestamp: '2021-03-23T15:13:27.301Z'
}
{
  message: 'GET 200 /words?group=0&0 - size req - res 12413 - 170.054 ms\n',
  level: 'info',
  timestamp: '2021-03-23T15:13:43.810Z'
}
{
  message: 'GET 200 /words?group=0&0 - size req - res 12413 - 164.244 ms\n',
  level: 'info',
  timestamp: '2021-03-23T15:14:03.706Z'
}
{
  message: 'GET 200 /words?group=0&0 - size req - res 12413 - 562.208 ms\n',
  level: 'info',
  timestamp: '2021-03-23T15:14:42.149Z'
}
{
  message: 'GET 200 /words?group=0&0 - size req - res 12413 - 185.468 ms\n',
  level: 'info',
  timestamp: '2021-03-23T15:14:48.870Z'
}
{
  message: 'GET 200 /words?group=0&0 - size req - res 12413 - 164.334 ms\n',
  level: 'info',
  timestamp: '2021-03-23T15:15:06.984Z'
}
{
  message: 'GET 200 /words?group=0&0 - size req - res 12413 - 182.406 ms\n',
  level: 'info',
  timestamp: '2021-03-23T15:15:19.894Z'
}
{
  message: 'GET 200 /words?group=0&0 - size req - res 12413 - 162.664 ms\n',
  level: 'info',
  timestamp: '2021-03-23T15:20:20.288Z'
}
{
  message: 'GET 200 /words?group=0&0 - size req - res 12413 - 199.656 ms\n',
  level: 'info',
  timestamp: '2021-03-23T15:21:03.237Z'
}
{
  message: 'GET 200 /words?group=0&0 - size req - res 12413 - 161.016 ms\n',
  level: 'info',
  timestamp: '2021-03-23T15:21:28.076Z'
}
{
  message: 'GET 200 /words?group=0&0 - size req - res 12413 - 187.879 ms\n',
  level: 'info',
  timestamp: '2021-03-23T15:21:35.987Z'
}
{
  message: 'GET 200 /words?group=0&0 - size req - res 12413 - 200.007 ms\n',
  level: 'info',
  timestamp: '2021-03-23T15:23:39.020Z'
}
{
  message: 'GET 200 /words?group=0&0 - size req - res 12413 - 184.677 ms\n',
  level: 'info',
  timestamp: '2021-03-23T15:26:06.854Z'
}
{
  message: 'Successfully connect to DB',
  level: 'info',
  timestamp: '2021-03-23T15:34:57.893Z'
}
{
  message: 'App is running on http://localhost:4000',
  level: 'info',
  timestamp: '2021-03-23T15:34:57.927Z'
>>>>>>> develop
}
{
  message: 'Successfully connect to DB',
  level: 'info',
<<<<<<< HEAD
  timestamp: '2021-03-23T08:29:57.031Z'
=======
  timestamp: '2021-03-23T15:35:13.470Z'
>>>>>>> develop
}
{
  message: 'App is running on http://localhost:4000',
  level: 'info',
<<<<<<< HEAD
  timestamp: '2021-03-23T08:29:57.059Z'
=======
  timestamp: '2021-03-23T15:35:13.507Z'
>>>>>>> develop
}
{
  message: 'Successfully connect to DB',
  level: 'info',
<<<<<<< HEAD
  timestamp: '2021-03-23T09:38:22.150Z'
=======
  timestamp: '2021-03-23T15:35:25.729Z'
>>>>>>> develop
}
{
  message: 'App is running on http://localhost:4000',
  level: 'info',
<<<<<<< HEAD
  timestamp: '2021-03-23T09:38:22.387Z'
=======
  timestamp: '2021-03-21T19:12:07.871Z'
>>>>>>> Stashed changes
=======
  timestamp: '2021-03-23T15:35:25.764Z'
}
{
  message: 'GET 200 /words?group=0&0 - size req - res 12413 - 595.759 ms\n',
  level: 'info',
  timestamp: '2021-03-23T15:35:26.481Z'
}
{
  message: 'GET 200 /words?group=0&0 - size req - res 12413 - 1481.276 ms\n',
  level: 'info',
  timestamp: '2021-03-23T15:35:42.462Z'
}
{
  message: 'GET 200 /words?group=0&0 - size req - res 12413 - 191.594 ms\n',
  level: 'info',
  timestamp: '2021-03-23T15:36:36.082Z'
}
{
  message: 'Successfully connect to DB',
  level: 'info',
  timestamp: '2021-03-23T15:36:51.372Z'
}
{
  message: 'App is running on http://localhost:4000',
  level: 'info',
  timestamp: '2021-03-23T15:36:51.407Z'
}
{
  message: 'GET 200 /words?group=0&0 - size req - res 12413 - 379.550 ms\n',
  level: 'info',
  timestamp: '2021-03-23T15:38:03.015Z'
}
{
  message: 'GET 200 /words?group=0&0 - size req - res 12413 - 315.489 ms\n',
  level: 'info',
  timestamp: '2021-03-23T15:38:26.302Z'
}
{
  message: 'GET 200 /words?group=0&0 - size req - res 12413 - 213.032 ms\n',
  level: 'info',
  timestamp: '2021-03-23T15:38:52.874Z'
}
{
  message: 'GET 200 /words?group=0&0 - size req - res 12413 - 1125.175 ms\n',
  level: 'info',
  timestamp: '2021-03-23T15:40:00.838Z'
}
{
  message: 'GET 200 /words?group=0&0 - size req - res 12413 - 186.073 ms\n',
  level: 'info',
  timestamp: '2021-03-23T15:40:05.019Z'
}
{
  message: 'GET 200 /words?group=0&0 - size req - res 12413 - 459.650 ms\n',
  level: 'info',
  timestamp: '2021-03-23T15:41:07.546Z'
}
{
  message: 'GET 200 /words?group=0&0 - size req - res 12413 - 187.724 ms\n',
  level: 'info',
  timestamp: '2021-03-23T15:41:53.024Z'
}
{
  message: 'GET 200 /words?group=0&0 - size req - res 12413 - 1690.457 ms\n',
  level: 'info',
  timestamp: '2021-03-23T16:06:42.660Z'
}
{
  message: 'GET 200 /words?group=0&0 - size req - res 12413 - 1104.971 ms\n',
  level: 'info',
  timestamp: '2021-03-23T16:07:11.518Z'
>>>>>>> develop
}
{
  message: 'Successfully connect to DB',
  level: 'info',
  timestamp: '2021-03-24T11:33:03.835Z'
}
{
  message: 'App is running on http://localhost:4000',
  level: 'info',
  timestamp: '2021-03-24T11:33:03.954Z'
}
{
  message: 'GET 200 /words?group=1&1 - size req - res 12723 - 2561.860 ms\n',
  level: 'info',
  timestamp: '2021-03-24T11:52:01.079Z'
}
{
  message: 'GET 200 /words?group=0&0 - size req - res 12413 - 502.742 ms\n',
  level: 'info',
  timestamp: '2021-03-24T11:52:50.642Z'
}
{
  message: 'GET 200 /words?group=0&29 - size req - res 12413 - 222.157 ms\n',
  level: 'info',
  timestamp: '2021-03-24T11:53:25.458Z'
}
{
  message: 'GET 200 /words?group=0&29 - size req - res 12413 - 256.713 ms\n',
  level: 'info',
  timestamp: '2021-03-24T11:54:03.947Z'
}
{
  message: 'GET 200 /words?group=0&0 - size req - res 12413 - 320.312 ms\n',
  level: 'info',
  timestamp: '2021-03-24T11:54:12.082Z'
}
{
  message: 'GET 200 /words?group=0&29 - size req - res 12413 - 206.404 ms\n',
  level: 'info',
  timestamp: '2021-03-24T11:56:55.611Z'
}
{
  message: 'GET 400 /words?group=NaN&NaN - size req - res 72 - 2489.546 ms\n',
  level: 'info',
  timestamp: '2021-03-24T11:58:50.673Z'
}
{
  message: 'GET 400 /words?group=NaN&NaN - size req - res 72 - 73.885 ms\n',
  level: 'info',
  timestamp: '2021-03-24T12:00:53.306Z'
}
{
  message: 'GET 400 /words?group=NaN&NaN - size req - res 72 - 0.961 ms\n',
  level: 'info',
  timestamp: '2021-03-24T12:00:54.693Z'
}
{
  message: 'GET 200 /words?group=0&29 - size req - res 12413 - 1416.561 ms\n',
  level: 'info',
  timestamp: '2021-03-24T12:04:17.928Z'
}
{
  message: 'GET 200 /words?group=0&1 - size req - res 12413 - 308.966 ms\n',
  level: 'info',
  timestamp: '2021-03-24T12:05:06.089Z'
}
{
  message: 'GET 200 /words?group=2&1 - size req - res 12960 - 317.530 ms\n',
  level: 'info',
  timestamp: '2021-03-24T12:05:35.955Z'
}
{
  message: 'GET 200 /words?group=0&0 - size req - res 12413 - 5036.621 ms\n',
  level: 'info',
  timestamp: '2021-03-24T12:22:51.161Z'
}
{
  message: 'GET 200 /words?group=0&0 - size req - res 12413 - 470.453 ms\n',
  level: 'info',
  timestamp: '2021-03-24T12:23:11.305Z'
}
{
  message: 'GET 200 /words?group=0&0 - size req - res 12413 - 251.047 ms\n',
  level: 'info',
  timestamp: '2021-03-24T12:25:36.952Z'
}
{
  message: 'GET 200 /words?group=0&7 - size req - res 12413 - 282.929 ms\n',
  level: 'info',
  timestamp: '2021-03-24T12:25:42.772Z'
}
{
  message: 'GET 200 /words?group=0&6 - size req - res 12413 - 400.033 ms\n',
  level: 'info',
  timestamp: '2021-03-24T12:25:51.066Z'
}
{
  message: 'GET 200 /words?group=0&2 - size req - res 12413 - 1203.297 ms\n',
  level: 'info',
  timestamp: '2021-03-24T12:41:12.697Z'
}
{
  message: 'GET 200 /words?group=5&5 - size req - res 15029 - 489.304 ms\n',
  level: 'info',
  timestamp: '2021-03-24T12:41:28.465Z'
}
{
  message: 'GET 200 /words?group=5&29 - size req - res 15029 - 414.510 ms\n',
  level: 'info',
  timestamp: '2021-03-24T12:41:35.354Z'
}
{
  message: 'GET 200 /words?group=0&13 - size req - res 12413 - 997.317 ms\n',
  level: 'info',
  timestamp: '2021-03-24T12:43:58.649Z'
}
{
  message: 'GET 200 /words?group=0&13 - size req - res 12413 - 8973.572 ms\n',
  level: 'info',
  timestamp: '2021-03-24T16:53:13.314Z'
}
{
  message: 'GET 200 /words?group=0&0 - size req - res 12413 - 2025.290 ms\n',
  level: 'info',
  timestamp: '2021-03-24T17:13:31.775Z'
}
{
  message: 'GET 200 /words?group=1&0 - size req - res 12723 - 587.223 ms\n',
  level: 'info',
  timestamp: '2021-03-24T17:17:57.930Z'
}
{
  message: 'GET 200 /words?group=1&0 - size req - res 12723 - 218.279 ms\n',
  level: 'info',
  timestamp: '2021-03-24T17:19:19.633Z'
}
