{
  message: 'ValidationError: users validation failed: password: Path `password` is required., email: Path `email` is required.\n' +
    '    at model.Document.invalidate (C:\\Users\\Kseniya\\Desktop\\RSS\\react-courses\\rslang\\api\\node_modules\\mongoose\\lib\\document.js:2689:32)\n' +
    '    at C:\\Users\\Kseniya\\Desktop\\RSS\\react-courses\\rslang\\api\\node_modules\\mongoose\\lib\\document.js:2509:17\n' +
    '    at C:\\Users\\Kseniya\\Desktop\\RSS\\react-courses\\rslang\\api\\node_modules\\mongoose\\lib\\schematype.js:1259:9\n' +
    '    at processTicksAndRejections (internal/process/task_queues.js:75:11)',
  level: 'error',
  timestamp: '2021-03-23T13:00:45.478Z'
}
{
  message: 'ValidationError: users validation failed: password: Path `password` is required., email: Path `email` is required.\n' +
    '    at model.Document.invalidate (C:\\Users\\Kseniya\\Desktop\\RSS\\react-courses\\rslang\\api\\node_modules\\mongoose\\lib\\document.js:2689:32)\n' +
    '    at C:\\Users\\Kseniya\\Desktop\\RSS\\react-courses\\rslang\\api\\node_modules\\mongoose\\lib\\document.js:2509:17\n' +
    '    at C:\\Users\\Kseniya\\Desktop\\RSS\\react-courses\\rslang\\api\\node_modules\\mongoose\\lib\\schematype.js:1259:9\n' +
    '    at processTicksAndRejections (internal/process/task_queues.js:75:11)',
  level: 'error',
  timestamp: '2021-03-23T13:01:13.490Z'
}
{
  message: 'ValidationError: users validation failed: password: Path `password` is required., email: Path `email` is required.\n' +
    '    at model.Document.invalidate (C:\\Users\\Kseniya\\Desktop\\RSS\\react-courses\\rslang\\api\\node_modules\\mongoose\\lib\\document.js:2689:32)\n' +
    '    at C:\\Users\\Kseniya\\Desktop\\RSS\\react-courses\\rslang\\api\\node_modules\\mongoose\\lib\\document.js:2509:17\n' +
    '    at C:\\Users\\Kseniya\\Desktop\\RSS\\react-courses\\rslang\\api\\node_modules\\mongoose\\lib\\schematype.js:1259:9\n' +
    '    at processTicksAndRejections (internal/process/task_queues.js:75:11)',
  level: 'error',
  timestamp: '2021-03-23T13:20:01.496Z'
}
{
  message: 'ValidationError: users validation failed: password: Path `password` is required., email: Path `email` is required.\n' +
    '    at model.Document.invalidate (C:\\Users\\Kseniya\\Desktop\\RSS\\react-courses\\rslang\\api\\node_modules\\mongoose\\lib\\document.js:2689:32)\n' +
    '    at C:\\Users\\Kseniya\\Desktop\\RSS\\react-courses\\rslang\\api\\node_modules\\mongoose\\lib\\document.js:2509:17\n' +
    '    at C:\\Users\\Kseniya\\Desktop\\RSS\\react-courses\\rslang\\api\\node_modules\\mongoose\\lib\\schematype.js:1259:9\n' +
    '    at processTicksAndRejections (internal/process/task_queues.js:75:11)',
  level: 'error',
  timestamp: '2021-03-23T13:20:15.217Z'
}
{
  message: 'ValidationError: users validation failed: password: Path `password` is required., email: Path `email` is required.\n' +
    '    at model.Document.invalidate (C:\\Users\\Kseniya\\Desktop\\RSS\\react-courses\\rslang\\api\\node_modules\\mongoose\\lib\\document.js:2689:32)\n' +
    '    at C:\\Users\\Kseniya\\Desktop\\RSS\\react-courses\\rslang\\api\\node_modules\\mongoose\\lib\\document.js:2509:17\n' +
    '    at C:\\Users\\Kseniya\\Desktop\\RSS\\react-courses\\rslang\\api\\node_modules\\mongoose\\lib\\schematype.js:1259:9\n' +
    '    at processTicksAndRejections (internal/process/task_queues.js:75:11)',
  level: 'error',
  timestamp: '2021-03-23T13:21:03.412Z'
}
{
  message: 'ValidationError: users validation failed: password: Path `password` is required., email: Path `email` is required.\n' +
    '    at model.Document.invalidate (C:\\Users\\Kseniya\\Desktop\\RSS\\react-courses\\rslang\\api\\node_modules\\mongoose\\lib\\document.js:2689:32)\n' +
    '    at C:\\Users\\Kseniya\\Desktop\\RSS\\react-courses\\rslang\\api\\node_modules\\mongoose\\lib\\document.js:2509:17\n' +
    '    at C:\\Users\\Kseniya\\Desktop\\RSS\\react-courses\\rslang\\api\\node_modules\\mongoose\\lib\\schematype.js:1259:9\n' +
    '    at processTicksAndRejections (internal/process/task_queues.js:75:11)',
  level: 'error',
  timestamp: '2021-03-23T13:21:36.957Z'
}
{
  message: 'Error: getaddrinfo ENOTFOUND cluster0-shard-00-02.8pwo5.mongodb.net\n' +
    '    at GetAddrInfoReqWrap.onlookup [as oncomplete] (node:dns:69:26)',
  level: 'error',
  timestamp: '2021-04-08T18:29:40.014Z'
}
{
  message: 'MongooseServerSelectionError: getaddrinfo ENOTFOUND cluster0-shard-00-02.8pwo5.mongodb.net\n' +
    '    at Function.Model.$wrapCallback (C:\\Users\\slava\\WebstormProjects\\rslang\\api\\node_modules\\mongoose\\lib\\model.js:4882:32)\n' +
    '    at C:\\Users\\slava\\WebstormProjects\\rslang\\api\\node_modules\\mongoose\\lib\\query.js:4373:21\n' +
    '    at C:\\Users\\slava\\WebstormProjects\\rslang\\api\\node_modules\\mongoose\\lib\\helpers\\promiseOrCallback.js:31:5\n' +
    '    at new Promise (<anonymous>)\n' +
    '    at promiseOrCallback (C:\\Users\\slava\\WebstormProjects\\rslang\\api\\node_modules\\mongoose\\lib\\helpers\\promiseOrCallback.js:30:10)\n' +
    '    at model.Query.exec (C:\\Users\\slava\\WebstormProjects\\rslang\\api\\node_modules\\mongoose\\lib\\query.js:4372:10)\n' +
    '    at model.Query.Query.then (C:\\Users\\slava\\WebstormProjects\\rslang\\api\\node_modules\\mongoose\\lib\\query.js:4455:15)\n' +
    '    at runMicrotasks (<anonymous>)\n' +
    '    at processTicksAndRejections (node:internal/process/task_queues:94:5)',
  level: 'error',
  timestamp: '2021-04-08T18:30:10.351Z'
}
{
  message: 'MongooseServerSelectionError: getaddrinfo ENOTFOUND cluster0-shard-00-02.8pwo5.mongodb.net\n' +
    '    at Function.Model.$wrapCallback (C:\\Users\\slava\\WebstormProjects\\rslang\\api\\node_modules\\mongoose\\lib\\model.js:4882:32)\n' +
    '    at C:\\Users\\slava\\WebstormProjects\\rslang\\api\\node_modules\\mongoose\\lib\\query.js:4373:21\n' +
    '    at C:\\Users\\slava\\WebstormProjects\\rslang\\api\\node_modules\\mongoose\\lib\\helpers\\promiseOrCallback.js:31:5\n' +
    '    at new Promise (<anonymous>)\n' +
    '    at promiseOrCallback (C:\\Users\\slava\\WebstormProjects\\rslang\\api\\node_modules\\mongoose\\lib\\helpers\\promiseOrCallback.js:30:10)\n' +
    '    at model.Query.exec (C:\\Users\\slava\\WebstormProjects\\rslang\\api\\node_modules\\mongoose\\lib\\query.js:4372:10)\n' +
    '    at model.Query.Query.then (C:\\Users\\slava\\WebstormProjects\\rslang\\api\\node_modules\\mongoose\\lib\\query.js:4455:15)\n' +
    '    at runMicrotasks (<anonymous>)\n' +
    '    at processTicksAndRejections (node:internal/process/task_queues:94:5)',
  level: 'error',
  timestamp: '2021-04-08T18:30:10.384Z'
}
{
  message: 'MongooseServerSelectionError: getaddrinfo ENOTFOUND cluster0-shard-00-02.8pwo5.mongodb.net\n' +
    '    at Function.Model.$wrapCallback (C:\\Users\\slava\\WebstormProjects\\rslang\\api\\node_modules\\mongoose\\lib\\model.js:4882:32)\n' +
    '    at C:\\Users\\slava\\WebstormProjects\\rslang\\api\\node_modules\\mongoose\\lib\\query.js:4373:21\n' +
    '    at C:\\Users\\slava\\WebstormProjects\\rslang\\api\\node_modules\\mongoose\\lib\\helpers\\promiseOrCallback.js:31:5\n' +
    '    at new Promise (<anonymous>)\n' +
    '    at promiseOrCallback (C:\\Users\\slava\\WebstormProjects\\rslang\\api\\node_modules\\mongoose\\lib\\helpers\\promiseOrCallback.js:30:10)\n' +
    '    at model.Query.exec (C:\\Users\\slava\\WebstormProjects\\rslang\\api\\node_modules\\mongoose\\lib\\query.js:4372:10)\n' +
    '    at model.Query.Query.then (C:\\Users\\slava\\WebstormProjects\\rslang\\api\\node_modules\\mongoose\\lib\\query.js:4455:15)\n' +
    '    at runMicrotasks (<anonymous>)\n' +
    '    at processTicksAndRejections (node:internal/process/task_queues:94:5)',
  level: 'error',
  timestamp: '2021-04-08T18:30:24.632Z'
}
{
  message: 'MongooseServerSelectionError: getaddrinfo ENOTFOUND cluster0-shard-00-02.8pwo5.mongodb.net\n' +
    '    at Function.Model.$wrapCallback (C:\\Users\\slava\\WebstormProjects\\rslang\\api\\node_modules\\mongoose\\lib\\model.js:4882:32)\n' +
    '    at C:\\Users\\slava\\WebstormProjects\\rslang\\api\\node_modules\\mongoose\\lib\\query.js:4373:21\n' +
    '    at C:\\Users\\slava\\WebstormProjects\\rslang\\api\\node_modules\\mongoose\\lib\\helpers\\promiseOrCallback.js:31:5\n' +
    '    at new Promise (<anonymous>)\n' +
    '    at promiseOrCallback (C:\\Users\\slava\\WebstormProjects\\rslang\\api\\node_modules\\mongoose\\lib\\helpers\\promiseOrCallback.js:30:10)\n' +
    '    at model.Query.exec (C:\\Users\\slava\\WebstormProjects\\rslang\\api\\node_modules\\mongoose\\lib\\query.js:4372:10)\n' +
    '    at model.Query.Query.then (C:\\Users\\slava\\WebstormProjects\\rslang\\api\\node_modules\\mongoose\\lib\\query.js:4455:15)\n' +
    '    at runMicrotasks (<anonymous>)\n' +
    '    at processTicksAndRejections (node:internal/process/task_queues:94:5)',
  level: 'error',
  timestamp: '2021-04-08T18:30:24.642Z'
}
{
  message: 'MongooseServerSelectionError: getaddrinfo ENOTFOUND cluster0-shard-00-02.8pwo5.mongodb.net\n' +
    '    at Function.Model.$wrapCallback (C:\\Users\\slava\\WebstormProjects\\rslang\\api\\node_modules\\mongoose\\lib\\model.js:4882:32)\n' +
    '    at C:\\Users\\slava\\WebstormProjects\\rslang\\api\\node_modules\\mongoose\\lib\\query.js:4373:21\n' +
    '    at C:\\Users\\slava\\WebstormProjects\\rslang\\api\\node_modules\\mongoose\\lib\\helpers\\promiseOrCallback.js:31:5\n' +
    '    at new Promise (<anonymous>)\n' +
    '    at promiseOrCallback (C:\\Users\\slava\\WebstormProjects\\rslang\\api\\node_modules\\mongoose\\lib\\helpers\\promiseOrCallback.js:30:10)\n' +
    '    at model.Query.exec (C:\\Users\\slava\\WebstormProjects\\rslang\\api\\node_modules\\mongoose\\lib\\query.js:4372:10)\n' +
    '    at model.Query.Query.then (C:\\Users\\slava\\WebstormProjects\\rslang\\api\\node_modules\\mongoose\\lib\\query.js:4455:15)\n' +
    '    at runMicrotasks (<anonymous>)\n' +
    '    at processTicksAndRejections (node:internal/process/task_queues:94:5)',
  level: 'error',
  timestamp: '2021-04-08T18:30:41.597Z'
}
{
  message: 'MongooseServerSelectionError: getaddrinfo ENOTFOUND cluster0-shard-00-02.8pwo5.mongodb.net\n' +
    '    at Function.Model.$wrapCallback (C:\\Users\\slava\\WebstormProjects\\rslang\\api\\node_modules\\mongoose\\lib\\model.js:4882:32)\n' +
    '    at C:\\Users\\slava\\WebstormProjects\\rslang\\api\\node_modules\\mongoose\\lib\\query.js:4373:21\n' +
    '    at C:\\Users\\slava\\WebstormProjects\\rslang\\api\\node_modules\\mongoose\\lib\\helpers\\promiseOrCallback.js:31:5\n' +
    '    at new Promise (<anonymous>)\n' +
    '    at promiseOrCallback (C:\\Users\\slava\\WebstormProjects\\rslang\\api\\node_modules\\mongoose\\lib\\helpers\\promiseOrCallback.js:30:10)\n' +
    '    at model.Query.exec (C:\\Users\\slava\\WebstormProjects\\rslang\\api\\node_modules\\mongoose\\lib\\query.js:4372:10)\n' +
    '    at model.Query.Query.then (C:\\Users\\slava\\WebstormProjects\\rslang\\api\\node_modules\\mongoose\\lib\\query.js:4455:15)\n' +
    '    at runMicrotasks (<anonymous>)\n' +
    '    at processTicksAndRejections (node:internal/process/task_queues:94:5)',
  level: 'error',
  timestamp: '2021-04-08T18:31:11.081Z'
}
{
  message: 'MongooseServerSelectionError: getaddrinfo ENOTFOUND cluster0-shard-00-02.8pwo5.mongodb.net\n' +
    '    at Function.Model.$wrapCallback (C:\\Users\\slava\\WebstormProjects\\rslang\\api\\node_modules\\mongoose\\lib\\model.js:4882:32)\n' +
    '    at C:\\Users\\slava\\WebstormProjects\\rslang\\api\\node_modules\\mongoose\\lib\\query.js:4373:21\n' +
    '    at C:\\Users\\slava\\WebstormProjects\\rslang\\api\\node_modules\\mongoose\\lib\\helpers\\promiseOrCallback.js:31:5\n' +
    '    at new Promise (<anonymous>)\n' +
    '    at promiseOrCallback (C:\\Users\\slava\\WebstormProjects\\rslang\\api\\node_modules\\mongoose\\lib\\helpers\\promiseOrCallback.js:30:10)\n' +
    '    at model.Query.exec (C:\\Users\\slava\\WebstormProjects\\rslang\\api\\node_modules\\mongoose\\lib\\query.js:4372:10)\n' +
    '    at model.Query.Query.then (C:\\Users\\slava\\WebstormProjects\\rslang\\api\\node_modules\\mongoose\\lib\\query.js:4455:15)\n' +
    '    at runMicrotasks (<anonymous>)\n' +
    '    at processTicksAndRejections (node:internal/process/task_queues:94:5)',
  level: 'error',
  timestamp: '2021-04-08T18:31:25.407Z'
}
{
  message: 'MongooseServerSelectionError: getaddrinfo ENOTFOUND cluster0-shard-00-02.8pwo5.mongodb.net\n' +
    '    at Function.Model.$wrapCallback (C:\\Users\\slava\\WebstormProjects\\rslang\\api\\node_modules\\mongoose\\lib\\model.js:4882:32)\n' +
    '    at C:\\Users\\slava\\WebstormProjects\\rslang\\api\\node_modules\\mongoose\\lib\\query.js:4373:21\n' +
    '    at C:\\Users\\slava\\WebstormProjects\\rslang\\api\\node_modules\\mongoose\\lib\\helpers\\promiseOrCallback.js:31:5\n' +
    '    at new Promise (<anonymous>)\n' +
    '    at promiseOrCallback (C:\\Users\\slava\\WebstormProjects\\rslang\\api\\node_modules\\mongoose\\lib\\helpers\\promiseOrCallback.js:30:10)\n' +
    '    at model.Query.exec (C:\\Users\\slava\\WebstormProjects\\rslang\\api\\node_modules\\mongoose\\lib\\query.js:4372:10)\n' +
    '    at model.Query.Query.then (C:\\Users\\slava\\WebstormProjects\\rslang\\api\\node_modules\\mongoose\\lib\\query.js:4455:15)\n' +
    '    at runMicrotasks (<anonymous>)\n' +
    '    at processTicksAndRejections (node:internal/process/task_queues:94:5)',
  level: 'error',
  timestamp: '2021-04-08T18:31:25.710Z'
}
{
  message: 'MongooseServerSelectionError: getaddrinfo ENOTFOUND cluster0-shard-00-02.8pwo5.mongodb.net\n' +
    '    at Function.Model.$wrapCallback (C:\\Users\\slava\\WebstormProjects\\rslang\\api\\node_modules\\mongoose\\lib\\model.js:4882:32)\n' +
    '    at C:\\Users\\slava\\WebstormProjects\\rslang\\api\\node_modules\\mongoose\\lib\\query.js:4373:21\n' +
    '    at C:\\Users\\slava\\WebstormProjects\\rslang\\api\\node_modules\\mongoose\\lib\\helpers\\promiseOrCallback.js:31:5\n' +
    '    at new Promise (<anonymous>)\n' +
    '    at promiseOrCallback (C:\\Users\\slava\\WebstormProjects\\rslang\\api\\node_modules\\mongoose\\lib\\helpers\\promiseOrCallback.js:30:10)\n' +
    '    at model.Query.exec (C:\\Users\\slava\\WebstormProjects\\rslang\\api\\node_modules\\mongoose\\lib\\query.js:4372:10)\n' +
    '    at model.Query.Query.then (C:\\Users\\slava\\WebstormProjects\\rslang\\api\\node_modules\\mongoose\\lib\\query.js:4455:15)\n' +
    '    at processTicksAndRejections (node:internal/process/task_queues:94:5)',
  level: 'error',
  timestamp: '2021-04-08T18:31:45.432Z'
}
{
  message: 'MongooseServerSelectionError: getaddrinfo ENOTFOUND cluster0-shard-00-02.8pwo5.mongodb.net\n' +
    '    at Function.Model.$wrapCallback (C:\\Users\\slava\\WebstormProjects\\rslang\\api\\node_modules\\mongoose\\lib\\model.js:4882:32)\n' +
    '    at C:\\Users\\slava\\WebstormProjects\\rslang\\api\\node_modules\\mongoose\\lib\\query.js:4373:21\n' +
    '    at C:\\Users\\slava\\WebstormProjects\\rslang\\api\\node_modules\\mongoose\\lib\\helpers\\promiseOrCallback.js:31:5\n' +
    '    at new Promise (<anonymous>)\n' +
    '    at promiseOrCallback (C:\\Users\\slava\\WebstormProjects\\rslang\\api\\node_modules\\mongoose\\lib\\helpers\\promiseOrCallback.js:30:10)\n' +
    '    at model.Query.exec (C:\\Users\\slava\\WebstormProjects\\rslang\\api\\node_modules\\mongoose\\lib\\query.js:4372:10)\n' +
    '    at model.Query.Query.then (C:\\Users\\slava\\WebstormProjects\\rslang\\api\\node_modules\\mongoose\\lib\\query.js:4455:15)\n' +
    '    at processTicksAndRejections (node:internal/process/task_queues:94:5)',
  level: 'error',
  timestamp: '2021-04-08T18:31:49.671Z'
}
{
  message: "MongooseServerSelectionError: Could not connect to any servers in your MongoDB Atlas cluster. One common reason is that you're trying to access the database from an IP that isn't whitelisted. Make sure your current IP address is on your Atlas cluster's IP whitelist: https://docs.atlas.mongodb.com/security-whitelist/\n" +
    '    at Function.Model.$wrapCallback (C:\\Users\\slava\\WebstormProjects\\rslang\\api\\node_modules\\mongoose\\lib\\model.js:4882:32)\n' +
    '    at C:\\Users\\slava\\WebstormProjects\\rslang\\api\\node_modules\\mongoose\\lib\\query.js:4373:21\n' +
    '    at C:\\Users\\slava\\WebstormProjects\\rslang\\api\\node_modules\\mongoose\\lib\\helpers\\promiseOrCallback.js:31:5\n' +
    '    at new Promise (<anonymous>)\n' +
    '    at promiseOrCallback (C:\\Users\\slava\\WebstormProjects\\rslang\\api\\node_modules\\mongoose\\lib\\helpers\\promiseOrCallback.js:30:10)\n' +
    '    at model.Query.exec (C:\\Users\\slava\\WebstormProjects\\rslang\\api\\node_modules\\mongoose\\lib\\query.js:4372:10)\n' +
    '    at model.Query.Query.then (C:\\Users\\slava\\WebstormProjects\\rslang\\api\\node_modules\\mongoose\\lib\\query.js:4455:15)\n' +
    '    at runMicrotasks (<anonymous>)\n' +
    '    at processTicksAndRejections (node:internal/process/task_queues:94:5)',
  level: 'error',
  timestamp: '2021-04-13T13:35:47.595Z'
}
{
  message: "MongooseServerSelectionError: Could not connect to any servers in your MongoDB Atlas cluster. One common reason is that you're trying to access the database from an IP that isn't whitelisted. Make sure your current IP address is on your Atlas cluster's IP whitelist: https://docs.atlas.mongodb.com/security-whitelist/\n" +
    '    at Function.Model.$wrapCallback (C:\\Users\\slava\\WebstormProjects\\rslang\\api\\node_modules\\mongoose\\lib\\model.js:4882:32)\n' +
    '    at C:\\Users\\slava\\WebstormProjects\\rslang\\api\\node_modules\\mongoose\\lib\\query.js:4373:21\n' +
    '    at C:\\Users\\slava\\WebstormProjects\\rslang\\api\\node_modules\\mongoose\\lib\\helpers\\promiseOrCallback.js:31:5\n' +
    '    at new Promise (<anonymous>)\n' +
    '    at promiseOrCallback (C:\\Users\\slava\\WebstormProjects\\rslang\\api\\node_modules\\mongoose\\lib\\helpers\\promiseOrCallback.js:30:10)\n' +
    '    at model.Query.exec (C:\\Users\\slava\\WebstormProjects\\rslang\\api\\node_modules\\mongoose\\lib\\query.js:4372:10)\n' +
    '    at model.Query.Query.then (C:\\Users\\slava\\WebstormProjects\\rslang\\api\\node_modules\\mongoose\\lib\\query.js:4455:15)\n' +
    '    at processTicksAndRejections (node:internal/process/task_queues:94:5)',
  level: 'error',
  timestamp: '2021-04-13T13:38:02.703Z'
}
{
  message: "MongooseServerSelectionError: Could not connect to any servers in your MongoDB Atlas cluster. One common reason is that you're trying to access the database from an IP that isn't whitelisted. Make sure your current IP address is on your Atlas cluster's IP whitelist: https://docs.atlas.mongodb.com/security-whitelist/\n" +
    '    at Function.Model.$wrapCallback (C:\\Users\\slava\\WebstormProjects\\rslang\\api\\node_modules\\mongoose\\lib\\model.js:4882:32)\n' +
    '    at C:\\Users\\slava\\WebstormProjects\\rslang\\api\\node_modules\\mongoose\\lib\\query.js:4373:21\n' +
    '    at C:\\Users\\slava\\WebstormProjects\\rslang\\api\\node_modules\\mongoose\\lib\\helpers\\promiseOrCallback.js:31:5\n' +
    '    at new Promise (<anonymous>)\n' +
    '    at promiseOrCallback (C:\\Users\\slava\\WebstormProjects\\rslang\\api\\node_modules\\mongoose\\lib\\helpers\\promiseOrCallback.js:30:10)\n' +
    '    at model.Query.exec (C:\\Users\\slava\\WebstormProjects\\rslang\\api\\node_modules\\mongoose\\lib\\query.js:4372:10)\n' +
    '    at model.Query.Query.then (C:\\Users\\slava\\WebstormProjects\\rslang\\api\\node_modules\\mongoose\\lib\\query.js:4455:15)\n' +
    '    at processTicksAndRejections (node:internal/process/task_queues:94:5)',
  level: 'error',
  timestamp: '2021-04-13T13:38:03.753Z'
}
